<?xml version="1.0" encoding="UTF-8"?>
<!-- Generated by org.testng.reporters.JUnitReportReporter -->
<testsuite skipped="0" hostname="LAPTOP-EIUAFK9U" name="skmts.testcases.RegistrationTest" tests="1" failures="0" timestamp="2020-03-09T15:43:35 IST" time="19.796" errors="0">
  <testcase name="registerUser" time="19.796" classname="skmts.testcases.RegistrationTest"/>
</testsuite> <!-- skmts.testcases.RegistrationTest -->
